c:\users\ringo\documents\visual studio 2017\projects\oodp4\oodp4\parser\debug\parser.pdb
c:\users\ringo\documents\visual studio 2017\projects\oodp4\oodp4\parser\debug\parser.idb
c:\users\ringo\documents\visual studio 2017\projects\oodp4\oodp4\parser\debug\abstractsyntax.obj
c:\users\ringo\documents\visual studio 2017\projects\oodp4\oodp4\parser\debug\filesystem.obj
c:\users\ringo\documents\visual studio 2017\projects\oodp4\oodp4\parser\debug\grammarhelpers.obj
c:\users\ringo\documents\visual studio 2017\projects\oodp4\oodp4\parser\debug\logger.obj
c:\users\ringo\documents\visual studio 2017\projects\oodp4\oodp4\parser\debug\scopestack.obj
c:\users\ringo\documents\visual studio 2017\projects\oodp4\oodp4\parser\debug\semiexp.obj
c:\users\ringo\documents\visual studio 2017\projects\oodp4\oodp4\parser\debug\tokenizer.obj
c:\users\ringo\documents\visual studio 2017\projects\oodp4\oodp4\parser\debug\utilities.obj
c:\users\ringo\documents\visual studio 2017\projects\oodp4\oodp4\parser\debug\actionsandrules.obj
c:\users\ringo\documents\visual studio 2017\projects\oodp4\oodp4\parser\debug\configureparser.obj
c:\users\ringo\documents\visual studio 2017\projects\oodp4\oodp4\parser\debug\parser.obj
c:\users\ringo\documents\visual studio 2017\projects\oodp4\oodp4\debug\parser.lib
c:\users\ringo\documents\visual studio 2017\projects\oodp4\oodp4\debug\parser.pdb
c:\users\ringo\documents\visual studio 2017\projects\oodp4\oodp4\parser\debug\parser.tlog\cl.command.1.tlog
c:\users\ringo\documents\visual studio 2017\projects\oodp4\oodp4\parser\debug\parser.tlog\cl.read.1.tlog
c:\users\ringo\documents\visual studio 2017\projects\oodp4\oodp4\parser\debug\parser.tlog\cl.write.1.tlog
c:\users\ringo\documents\visual studio 2017\projects\oodp4\oodp4\parser\debug\parser.tlog\lib-link.read.1.tlog
c:\users\ringo\documents\visual studio 2017\projects\oodp4\oodp4\parser\debug\parser.tlog\lib-link.write.1.tlog
c:\users\ringo\documents\visual studio 2017\projects\oodp4\oodp4\parser\debug\parser.tlog\lib.command.1.tlog
